<?xml version="1.0" encoding="UTF-8"?>
<!-- Generated by org.testng.reporters.JUnitReportReporter -->
<testsuite skipped="0" hostname="Sachin-Sharma" name="com.qa.trcrm.tests.HomePageTest" tests="3" failures="0" timestamp="05 Oct 2022 15:12:54 GMT" time="0.289" errors="0">
  <testcase name="verifyHomePageTitleTest" time="0.011" classname="com.qa.trcrm.tests.HomePageTest"/>
  <testcase name="verifyLoggedInUserTest" time="0.135" classname="com.qa.trcrm.tests.HomePageTest"/>
  <testcase name="verifyHomePageHeaderTest" time="0.143" classname="com.qa.trcrm.tests.HomePageTest"/>
</testsuite> <!-- com.qa.trcrm.tests.HomePageTest -->
