<?xml version="1.0" encoding="UTF-8"?>
<!-- Generated by org.testng.reporters.JUnitReportReporter -->
<testsuite skipped="0" hostname="Sachin-Sharma" name="com.qa.trcrm.tests.LoginPageTest2" tests="6" failures="0" timestamp="03 Oct 2022 17:17:17 GMT" time="85.054" errors="0">
  <testcase name="verifyLoginPageTitleTest" time="0.017" classname="com.qa.trcrm.tests.LoginPageTest2"/>
  <testcase name="verifyLoginPageTitleTest" time="0.024" classname="com.qa.trcrm.tests.LoginPageTest2"/>
  <testcase name="verifySignUpLinkTest" time="0.208" classname="com.qa.trcrm.tests.LoginPageTest2"/>
  <testcase name="verifySignUpLinkTest" time="0.341" classname="com.qa.trcrm.tests.LoginPageTest2"/>
  <testcase name="doLoginTest" time="56.068" classname="com.qa.trcrm.tests.LoginPageTest2"/>
  <testcase name="doLoginTest" time="28.396" classname="com.qa.trcrm.tests.LoginPageTest2"/>
</testsuite> <!-- com.qa.trcrm.tests.LoginPageTest2 -->
