<?xml version="1.0" encoding="UTF-8"?>
<!-- Generated by org.testng.reporters.JUnitReportReporter -->
<testsuite skipped="0" hostname="Sachin-Sharma" name="com.qa.trcrm.tests.HomePageTest" tests="3" failures="0" timestamp="06 Oct 2022 05:36:34 GMT" time="0.385" errors="0">
  <testcase name="verifyLoggedInUserTest" time="0.134" classname="com.qa.trcrm.tests.HomePageTest"/>
  <testcase name="verifyHomePageTitleTest" time="0.008" classname="com.qa.trcrm.tests.HomePageTest"/>
  <testcase name="verifyHomePageHeaderTest" time="0.243" classname="com.qa.trcrm.tests.HomePageTest"/>
</testsuite> <!-- com.qa.trcrm.tests.HomePageTest -->
